0 info it worked if it ends with ok
1 verbose cli [ '/usr/local/bin/node',
1 verbose cli   '/usr/local/bin/npm',
1 verbose cli   'run',
1 verbose cli   'eslint:src' ]
2 info using npm@3.10.8
3 info using node@v6.9.1
4 verbose run-script [ 'preeslint:src', 'eslint:src', 'posteslint:src' ]
5 info lifecycle squatch-js@2.0.0~preeslint:src: squatch-js@2.0.0
6 silly lifecycle squatch-js@2.0.0~preeslint:src: no script for preeslint:src, continuing
7 info lifecycle squatch-js@2.0.0~eslint:src: squatch-js@2.0.0
8 verbose lifecycle squatch-js@2.0.0~eslint:src: unsafe-perm in lifecycle true
9 verbose lifecycle squatch-js@2.0.0~eslint:src: PATH: /usr/local/lib/node_modules/npm/bin/node-gyp-bin:/Users/jorgeconde/squatch-js/node_modules/.bin:/Users/jorgeconde/Documents/workspace/play:/Users/jorgeconde/Documents/workspace/activator:/Users/jorgeconde/.jenv/shims:/Users/jorgeconde/.jenv/bin:/Users/jorgeconde/.rvm/gems/ruby-2.2.0/bin:/Users/jorgeconde/.rvm/gems/ruby-2.2.0@global/bin:/Users/jorgeconde/.rvm/rubies/ruby-2.2.0/bin:/opt/local/bin:/opt/local/sbin:/Library/Frameworks/Python.framework/Versions/3.4/bin:/usr/local/heroku/bin:/usr/local/bin:/usr/bin:/bin:/usr/sbin:/sbin:/usr/local/lib/node_modules/firebase-tools/bin:/opt/X11/bin:/usr/local/CrossPack-AVR/bin:/Developer/Tools/Panda3D:/usr/local/smlnj/bin:/Users/jorgeconde/.rvm/bin
10 verbose lifecycle squatch-js@2.0.0~eslint:src: CWD: /Users/jorgeconde/squatch-js
11 silly lifecycle squatch-js@2.0.0~eslint:src: Args: [ '-c', 'eslint src/api src/widgets src/squatch.js' ]
12 silly lifecycle squatch-js@2.0.0~eslint:src: Returned: code: 1  signal: null
13 info lifecycle squatch-js@2.0.0~eslint:src: Failed to exec eslint:src script
14 verbose stack Error: squatch-js@2.0.0 eslint:src: `eslint src/api src/widgets src/squatch.js`
14 verbose stack Exit status 1
14 verbose stack     at EventEmitter.<anonymous> (/usr/local/lib/node_modules/npm/lib/utils/lifecycle.js:255:16)
14 verbose stack     at emitTwo (events.js:106:13)
14 verbose stack     at EventEmitter.emit (events.js:191:7)
14 verbose stack     at ChildProcess.<anonymous> (/usr/local/lib/node_modules/npm/lib/utils/spawn.js:40:14)
14 verbose stack     at emitTwo (events.js:106:13)
14 verbose stack     at ChildProcess.emit (events.js:191:7)
14 verbose stack     at maybeClose (internal/child_process.js:877:16)
14 verbose stack     at Process.ChildProcess._handle.onexit (internal/child_process.js:226:5)
15 verbose pkgid squatch-js@2.0.0
16 verbose cwd /Users/jorgeconde/squatch-js
17 error Darwin 15.5.0
18 error argv "/usr/local/bin/node" "/usr/local/bin/npm" "run" "eslint:src"
19 error node v6.9.1
20 error npm  v3.10.8
21 error code ELIFECYCLE
22 error squatch-js@2.0.0 eslint:src: `eslint src/api src/widgets src/squatch.js`
22 error Exit status 1
23 error Failed at the squatch-js@2.0.0 eslint:src script 'eslint src/api src/widgets src/squatch.js'.
23 error Make sure you have the latest version of node.js and npm installed.
23 error If you do, this is most likely a problem with the squatch-js package,
23 error not with npm itself.
23 error Tell the author that this fails on your system:
23 error     eslint src/api src/widgets src/squatch.js
23 error You can get information on how to open an issue for this project with:
23 error     npm bugs squatch-js
23 error Or if that isn't available, you can get their info via:
23 error     npm owner ls squatch-js
23 error There is likely additional logging output above.
24 verbose exit [ 1, true ]
